00:52:57 **** Rebuild of configuration Debug for project 1 ****
Info: Internal Builder is used for build
gcc -O0 -g3 -Wall -c -fmessage-length=0 -o EX1.o "..\\EX1.c" 
..\EX1.c: In function 'prime':
..\EX1.c:17:1: warning: control reaches end of non-void function [-Wreturn-type]
 }
 ^
gcc -o 1.exe EX1.o 
00:53:25 **** Incremental Build of configuration Debug for project 1 ****
Info: Internal Builder is used for build
gcc -O0 -g3 -Wall -c -fmessage-length=0 -o EX1.o "..\\EX1.c" 
gcc -o 1.exe EX1.o 
Info: Nothing to build for 1
00:57:44 **** Incremental Build of configuration Debug for project 1 ****
Info: Internal Builder is used for build
gcc -O0 -g3 -Wall -c -fmessage-length=0 -o EX1.o "..\\EX1.c" 
gcc -o 1.exe EX1.o 
00:58:44 **** Incremental Build of configuration Debug for project 1 ****
Info: Internal Builder is used for build
gcc -O0 -g3 -Wall -c -fmessage-length=0 -o EX1.o "..\\EX1.c" 
gcc -o 1.exe EX1.o 
01:04:00 **** Incremental Build of configuration Debug for project 1 ****
Info: Internal Builder is used for build
gcc -O0 -g3 -Wall -c -fmessage-length=0 -o EX1.o "..\\EX1.c" 
..\EX1.c: In function 'prime':
..\EX1.c:14:22: warning: implicit declaration of function 'sqrt' [-Wimplicit-function-declaration]
         for (i=2; i<=sqrt(n); i++)
                      ^~~~
..\EX1.c:14:22: warning: incompatible implicit declaration of built-in function 'sqrt'
..\EX1.c:14:22: note: include '<math.h>' or provide a declaration of 'sqrt'
gcc -o 1.exe EX1.o 
01:04:47 **** Incremental Build of configuration Debug for project 1 ****
Info: Internal Builder is used for build
gcc -O0 -g3 -Wall -c -fmessage-length=0 -o EX1.o "..\\EX1.c" 
gcc -o 1.exe EX1.o 
Info: Nothing to build for 1
Info: Nothing to build for 1
Info: Nothing to build for 1
01:10:19 **** Rebuild of configuration Debug for project 2 ****
Info: Internal Builder is used for build
gcc -O0 -g3 -Wall -c -fmessage-length=0 -o EX2.o "..\\EX2.c" 
gcc -o 2.exe EX2.o 
Info: Nothing to build for 1
01:10:27 **** Incremental Build of configuration Debug for project 2 ****
Info: Internal Builder is used for build
gcc -O0 -g3 -Wall -c -fmessage-length=0 -o EX2.o "..\\EX2.c" 
gcc -o 2.exe EX2.o 
Info: Nothing to build for 2
Info: Nothing to build for 1
01:11:20 **** Incremental Build of configuration Debug for project 2 ****
Info: Internal Builder is used for build
gcc -O0 -g3 -Wall -c -fmessage-length=0 -o EX2.o "..\\EX2.c" 
gcc -o 2.exe EX2.o 
Info: Nothing to build for 2
Info: Nothing to build for 1
Info: Nothing to build for 2
01:18:31 **** Rebuild of configuration Debug for project 3 ****
Info: Internal Builder is used for build
gcc -O0 -g3 -Wall -c -fmessage-length=0 -o EX3.o "..\\EX3.c" 
..\EX3.c: In function 'reverse':
..\EX3.c:7:20: error: subscripted value is neither array nor pointer nor vector
     printf("%c",str[i]);
                    ^
..\EX3.c:4:10: warning: unused variable 'j' [-Wunused-variable]
    int i,j;
          ^
..\EX3.c: In function 'main':
..\EX3.c:14:2: error: expected '=', ',', ';', 'asm' or '__attribute__' before 'printf'
  printf("Enter a sequence: ");
  ^~~~~~
..\EX3.c:17:2: error: 'len' undeclared (first use in this function)
  len=strlen(str);
  ^~~
..\EX3.c:17:2: note: each undeclared identifier is reported only once for each function it appears in
..\EX3.c:17:6: warning: implicit declaration of function 'strlen' [-Wimplicit-function-declaration]
  len=strlen(str);
      ^~~~~~
..\EX3.c:17:6: warning: incompatible implicit declaration of built-in function 'strlen'
..\EX3.c:17:6: note: include '<string.h>' or provide a declaration of 'strlen'
..\EX3.c:18:10: warning: passing argument 1 of 'reverse' makes integer from pointer without a cast [-Wint-conversion]
  reverse(str,len);
          ^~~
..\EX3.c:2:6: note: expected 'char' but argument is of type 'char *'
 void reverse(char str,int len)
      ^~~~~~~
Info: Nothing to build for 1
Info: Nothing to build for 2
01:18:47 **** Incremental Build of configuration Debug for project 3 ****
Info: Internal Builder is used for build
gcc -O0 -g3 -Wall -c -fmessage-length=0 -o EX3.o "..\\EX3.c" 
..\EX3.c: In function 'reverse':
..\EX3.c:7:20: error: subscripted value is neither array nor pointer nor vector
     printf("%c",str[i]);
                    ^
..\EX3.c: In function 'main':
..\EX3.c:17:6: warning: implicit declaration of function 'strlen' [-Wimplicit-function-declaration]
  len=strlen(str);
      ^~~~~~
..\EX3.c:17:6: warning: incompatible implicit declaration of built-in function 'strlen'
..\EX3.c:17:6: note: include '<string.h>' or provide a declaration of 'strlen'
..\EX3.c:18:10: warning: passing argument 1 of 'reverse' makes integer from pointer without a cast [-Wint-conversion]
  reverse(str,len);
          ^~~
..\EX3.c:2:6: note: expected 'char' but argument is of type 'char *'
 void reverse(char str,int len)
      ^~~~~~~
Info: Nothing to build for 1
Info: Nothing to build for 2
01:19:08 **** Incremental Build of configuration Debug for project 3 ****
Info: Internal Builder is used for build
gcc -O0 -g3 -Wall -c -fmessage-length=0 -o EX3.o "..\\EX3.c" 
..\EX3.c: In function 'reverse':
..\EX3.c:8:20: error: subscripted value is neither array nor pointer nor vector
     printf("%c",str[i]);
                    ^
..\EX3.c: In function 'main':
..\EX3.c:19:10: warning: passing argument 1 of 'reverse' makes integer from pointer without a cast [-Wint-conversion]
  reverse(str,len);
          ^~~
..\EX3.c:3:6: note: expected 'char' but argument is of type 'char *'
 void reverse(char str,int len)
      ^~~~~~~
Info: Nothing to build for 1
Info: Nothing to build for 2
01:21:13 **** Incremental Build of configuration Debug for project 3 ****
Info: Internal Builder is used for build
gcc -O0 -g3 -Wall -c -fmessage-length=0 -o EX3.o "..\\EX3.c" 
gcc -o 3.exe EX3.o 
Info: Nothing to build for 3
Info: Nothing to build for 1
Info: Nothing to build for 2
Info: Nothing to build for 3
01:24:23 **** Rebuild of configuration Debug for project 4 ****
Info: Internal Builder is used for build
gcc -O0 -g3 -Wall -c -fmessage-length=0 -o EX4.o "..\\EX4.c" 
gcc -o 4.exe EX4.o 
c:/mingw/bin/../lib/gcc/mingw32/6.3.0/../../../libmingw32.a(main.o):(.text.startup+0xa0): undefined reference to `WinMain@16'
collect2.exe: error: ld returned 1 exit status
Info: Nothing to build for 1
Info: Nothing to build for 2
Info: Nothing to build for 3
01:26:32 **** Incremental Build of configuration Debug for project 4 ****
Info: Internal Builder is used for build
gcc -O0 -g3 -Wall -c -fmessage-length=0 -o EX4.o "..\\EX4.c" 
gcc -o 4.exe EX4.o 
Info: Nothing to build for 4
Info: Nothing to build for 1
Info: Nothing to build for 2
Info: Nothing to build for 3
01:27:33 **** Incremental Build of configuration Debug for project 4 ****
Info: Internal Builder is used for build
gcc -O0 -g3 -Wall -c -fmessage-length=0 -o EX4.o "..\\EX4.c" 
..\EX4.c: In function 'power':
..\EX4.c:5:15: warning: ' ' flag used with '%p' ms_printf format [-Wformat=]
     printf("% power %d is: ",num,p);
               ^
..\EX4.c:5:15: warning: format '%p' expects argument of type 'void *', but argument 2 has type 'int' [-Wformat=]
gcc -o 4.exe EX4.o 
Info: Nothing to build for 1
Info: Nothing to build for 2
Info: Nothing to build for 3
01:27:43 **** Incremental Build of configuration Debug for project 4 ****
Info: Internal Builder is used for build
gcc -O0 -g3 -Wall -c -fmessage-length=0 -o EX4.o "..\\EX4.c" 
gcc -o 4.exe EX4.o 
Info: Nothing to build for 4
Info: Nothing to build for 1
Info: Nothing to build for 2
Info: Nothing to build for 3
Info: Nothing to build for 4
16:25:49 **** Rebuild of configuration Debug for project test ****
Info: Internal Builder is used for build
gcc -O0 -g3 -Wall -c -fmessage-length=0 -o test.o "..\\test.c" 
..\test.c: In function 'main':
..\test.c:5:11: warning: statement with no effect [-Wunused-value]
  for(i<=5 && i>=-1;++i;i>0)
      ~~~~~^~~~~~~~
..\test.c:5:25: warning: statement with no effect [-Wunused-value]
  for(i<=5 && i>=-1;++i;i>0)
                        ~^~
gcc -o test.exe test.o 
Info: Nothing to build for test
16:27:09 **** Incremental Build of configuration Debug for project test ****
Info: Internal Builder is used for build
gcc -O0 -g3 -Wall -c -fmessage-length=0 -o test.o "..\\test.c" 
..\test.c: In function 'main':
..\test.c:5:11: warning: statement with no effect [-Wunused-value]
  for(i<=5 && i>=-1;++i;i>0)
      ~~~~~^~~~~~~~
..\test.c:5:25: warning: statement with no effect [-Wunused-value]
  for(i<=5 && i>=-1;++i;i>0)
                        ~^~
gcc -o test.exe test.o 
Info: Nothing to build for 1
Info: Nothing to build for 2
Info: Nothing to build for 3
Info: Nothing to build for 4
16:35:17 **** Incremental Build of configuration Debug for project test ****
Info: Internal Builder is used for build
gcc -O0 -g3 -Wall -c -fmessage-length=0 -o test.o "..\\test.c" 
gcc -o test.exe test.o 
Info: Nothing to build for test
Info: Nothing to build for 1
Info: Nothing to build for 2
Info: Nothing to build for 3
Info: Nothing to build for 4
16:49:51 **** Incremental Build of configuration Debug for project test ****
Info: Internal Builder is used for build
gcc -O0 -g3 -Wall -c -fmessage-length=0 -o test.o "..\\test.c" 
..\test.c: In function 'main':
..\test.c:8:10: warning: left-hand operand of comma expression has no effect [-Wunused-value]
  }while(5,4,3m2,1,0);
          ^
..\test.c:8:13: error: invalid suffix "m2" on integer constant
  }while(5,4,3m2,1,0);
             ^~~
..\test.c:8:12: warning: left-hand operand of comma expression has no effect [-Wunused-value]
  }while(5,4,3m2,1,0);
            ^
..\test.c:8:16: warning: left-hand operand of comma expression has no effect [-Wunused-value]
  }while(5,4,3m2,1,0);
                ^
..\test.c:8:18: warning: left-hand operand of comma expression has no effect [-Wunused-value]
  }while(5,4,3m2,1,0);
                  ^
Info: Nothing to build for 1
Info: Nothing to build for 2
Info: Nothing to build for 3
Info: Nothing to build for 4
16:50:01 **** Incremental Build of configuration Debug for project test ****
Info: Internal Builder is used for build
gcc -O0 -g3 -Wall -c -fmessage-length=0 -o test.o "..\\test.c" 
..\test.c: In function 'main':
..\test.c:8:10: warning: left-hand operand of comma expression has no effect [-Wunused-value]
  }while(5,4,3,2,1,0);
          ^
..\test.c:8:12: warning: left-hand operand of comma expression has no effect [-Wunused-value]
  }while(5,4,3,2,1,0);
            ^
..\test.c:8:14: warning: left-hand operand of comma expression has no effect [-Wunused-value]
  }while(5,4,3,2,1,0);
              ^
..\test.c:8:16: warning: left-hand operand of comma expression has no effect [-Wunused-value]
  }while(5,4,3,2,1,0);
                ^
..\test.c:8:18: warning: left-hand operand of comma expression has no effect [-Wunused-value]
  }while(5,4,3,2,1,0);
                  ^
gcc -o test.exe test.o 
Info: Nothing to build for test
Info: Nothing to build for 1
Info: Nothing to build for 2
Info: Nothing to build for 3
Info: Nothing to build for 4
16:54:07 **** Incremental Build of configuration Debug for project test ****
Info: Internal Builder is used for build
gcc -O0 -g3 -Wall -c -fmessage-length=0 -o test.o "..\\test.c" 
..\test.c: In function 'main':
..\test.c:10:2: error: duplicate case value
  case 1+1: printf("%d",1);
  ^~~~
..\test.c:8:2: error: previously used here
  case 2:printf("%d",2);
  ^~~~
Info: Nothing to build for 1
Info: Nothing to build for 2
Info: Nothing to build for 3
Info: Nothing to build for 4
17:00:47 **** Incremental Build of configuration Debug for project test ****
Info: Internal Builder is used for build
gcc -O0 -g3 -Wall -c -fmessage-length=0 -o test.o "..\\test.c" 
gcc -o test.exe test.o 
Info: Nothing to build for test
Info: Nothing to build for 1
Info: Nothing to build for 2
Info: Nothing to build for 3
Info: Nothing to build for 4
17:04:11 **** Incremental Build of configuration Debug for project test ****
Info: Internal Builder is used for build
gcc -O0 -g3 -Wall -c -fmessage-length=0 -o test.o "..\\test.c" 
..\test.c: In function 'main':
..\test.c:9:2: error: case label does not reduce to an integer constant
  case arr[0]:printf("%d",0);break;
  ^~~~
..\test.c:10:2: error: case label does not reduce to an integer constant
  case arr[1]:printf("%d",1);break;
  ^~~~
..\test.c:11:2: error: case label does not reduce to an integer constant
  case arr[2]:printf("%d",2);break;
  ^~~~
..\test.c:6:6: warning: variable 'arr' set but not used [-Wunused-but-set-variable]
  int arr[5]={1,2,3};
      ^~~
Info: Nothing to build for 1
Info: Nothing to build for 2
Info: Nothing to build for 3
Info: Nothing to build for 4
17:23:19 **** Incremental Build of configuration Debug for project test ****
Info: Internal Builder is used for build
gcc -O0 -g3 -Wall -c -fmessage-length=0 -o test.o "..\\test.c" 
..\test.c: In function 'main':
..\test.c:5:6: warning: unused variable 'x' [-Wunused-variable]
  int x=1;
      ^
gcc -o test.exe test.o 
Info: Nothing to build for test
Info: Nothing to build for 1
Info: Nothing to build for 2
Info: Nothing to build for 3
Info: Nothing to build for 4
17:24:04 **** Incremental Build of configuration Debug for project test ****
Info: Internal Builder is used for build
gcc -O0 -g3 -Wall -c -fmessage-length=0 -o test.o "..\\test.c" 
gcc -o test.exe test.o 
Info: Nothing to build for test
Info: Nothing to build for 1
Info: Nothing to build for 2
Info: Nothing to build for 3
Info: Nothing to build for 4
17:25:06 **** Incremental Build of configuration Debug for project test ****
Info: Internal Builder is used for build
gcc -O0 -g3 -Wall -c -fmessage-length=0 -o test.o "..\\test.c" 
gcc -o test.exe test.o 
Info: Nothing to build for 1
Info: Nothing to build for 2
Info: Nothing to build for 3
Info: Nothing to build for 4
17:26:26 **** Incremental Build of configuration Debug for project test ****
Info: Internal Builder is used for build
gcc -O0 -g3 -Wall -c -fmessage-length=0 -o test.o "..\\test.c" 
gcc -o test.exe test.o 
Info: Nothing to build for test
Info: Nothing to build for 1
Info: Nothing to build for 2
Info: Nothing to build for 3
Info: Nothing to build for 4
17:29:45 **** Incremental Build of configuration Debug for project test ****
Info: Internal Builder is used for build
gcc -O0 -g3 -Wall -c -fmessage-length=0 -o test.o "..\\test.c" 
..\test.c: In function 'main':
..\test.c:7:9: warning: too many arguments for format [-Wformat-extra-args]
  printf("fatma ","ashraf");
         ^~~~~~~~
..\test.c:5:6: warning: unused variable 'arr' [-Wunused-variable]
  int arr[20]={10,20,30,40,50};
      ^~~
gcc -o test.exe test.o 
Info: Nothing to build for test
Info: Nothing to build for 1
Info: Nothing to build for 2
Info: Nothing to build for 3
Info: Nothing to build for 4
18:09:59 **** Incremental Build of configuration Debug for project test ****
Info: Internal Builder is used for build
gcc -O0 -g3 -Wall -c -fmessage-length=0 -o test.o "..\\test.c" 
..\test.c: In function 'main':
..\test.c:5:13: error: array of inappropriate type initialized from string constant
  int arr[5]="fatma";
             ^~~~~~~
..\test.c:7:11: warning: format '%s' expects argument of type 'char *', but argument 2 has type 'int *' [-Wformat=]
  printf("%s",arr);
           ^
Info: Nothing to build for 1
Info: Nothing to build for 2
Info: Nothing to build for 3
Info: Nothing to build for 4
18:10:12 **** Incremental Build of configuration Debug for project test ****
Info: Internal Builder is used for build
gcc -O0 -g3 -Wall -c -fmessage-length=0 -o test.o "..\\test.c" 
gcc -o test.exe test.o 
Info: Nothing to build for test
